<?xml version="1.0" encoding="UTF-8"?>
<!-- Generated by org.testng.reporters.JUnitReportReporter -->
<testsuite hostname="LAPTOP-0T68D1TP" failures="0" tests="3" name="testng.testpractice" time="0.011" errors="0" timestamp="2025-08-05T14:45:32 IST" skipped="0">
  <testcase classname="testng.testpractice" name="a" time="0.008"/>
  <testcase classname="testng.testpractice" name="a1" time="0.001"/>
  <testcase classname="testng.testpractice" name="A" time="0.002"/>
</testsuite> <!-- testng.testpractice -->
