<?xml version="1.0" encoding="UTF-8"?>
<testng-results ignored="0" total="1" passed="1" failed="0" skipped="0">
  <reporter-output>
  </reporter-output>
  <suite started-at="2025-12-28T17:29:11 IST" name="Default suite" finished-at="2025-12-28T17:29:12 IST" duration-ms="407">
    <groups>
    </groups>
    <test started-at="2025-12-28T17:29:11 IST" name="Default test" finished-at="2025-12-28T17:29:12 IST" duration-ms="407">
      <class name="testngpractice.google">
        <test-method signature="login()[pri:0, instance:testngpractice.google@3fa76c61]" started-at="2025-12-28T17:29:12 IST" name="login" finished-at="2025-12-28T17:29:12 IST" duration-ms="156" status="PASS">
          <reporter-output>
          </reporter-output>
        </test-method> <!-- login -->
      </class> <!-- testngpractice.google -->
    </test> <!-- Default test -->
  </suite> <!-- Default suite -->
</testng-results>
