<?xml version="1.0" encoding="UTF-8"?>
<testng-results skipped="0" failed="0" ignored="0" total="1" passed="1">
  <reporter-output>
  </reporter-output>
  <suite name="Default suite" duration-ms="16" started-at="2021-09-25T12:36:57Z" finished-at="2021-09-25T12:36:57Z">
    <groups>
    </groups>
    <test name="Default test" duration-ms="16" started-at="2021-09-25T12:36:57Z" finished-at="2021-09-25T12:36:57Z">
      <class name="javapackage.TestNG1">
        <test-method status="PASS" signature="c()[pri:0, instance:javapackage.TestNG1@68be2bc2]" name="c" is-config="true" duration-ms="7" started-at="2021-09-25T12:36:57Z" finished-at="2021-09-25T12:36:57Z">
          <reporter-output>
          </reporter-output>
        </test-method> <!-- c -->
        <test-method status="PASS" signature="b()[pri:0, instance:javapackage.TestNG1@68be2bc2]" name="b" is-config="true" duration-ms="0" started-at="2021-09-25T12:36:57Z" finished-at="2021-09-25T12:36:57Z">
          <reporter-output>
          </reporter-output>
        </test-method> <!-- b -->
        <test-method status="PASS" signature="e()[pri:0, instance:javapackage.TestNG1@68be2bc2]" name="e" is-config="true" duration-ms="0" started-at="2021-09-25T12:36:57Z" finished-at="2021-09-25T12:36:57Z">
          <reporter-output>
          </reporter-output>
        </test-method> <!-- e -->
        <test-method status="PASS" signature="d()[pri:0, instance:javapackage.TestNG1@68be2bc2]" name="d" is-config="true" duration-ms="0" started-at="2021-09-25T12:36:57Z" finished-at="2021-09-25T12:36:57Z">
          <reporter-output>
          </reporter-output>
        </test-method> <!-- d -->
        <test-method status="PASS" signature="a()[pri:0, instance:javapackage.TestNG1@68be2bc2]" name="a" duration-ms="3" started-at="2021-09-25T12:36:57Z" finished-at="2021-09-25T12:36:57Z">
          <reporter-output>
          </reporter-output>
        </test-method> <!-- a -->
      </class> <!-- javapackage.TestNG1 -->
    </test> <!-- Default test -->
  </suite> <!-- Default suite -->
</testng-results>
