<?xml version="1.0" encoding="UTF-8"?>
<testng-results ignored="0" total="3" passed="3" failed="0" skipped="0">
  <reporter-output>
  </reporter-output>
  <suite started-at="2025-08-05T14:45:32 IST" name="Default suite" finished-at="2025-08-05T14:45:32 IST" duration-ms="72">
    <groups>
    </groups>
    <test started-at="2025-08-05T14:45:32 IST" name="Default test" finished-at="2025-08-05T14:45:32 IST" duration-ms="72">
      <class name="testng.testpractice">
        <test-method signature="a()[pri:-1, instance:testng.testpractice@6e6f2380]" started-at="2025-08-05T14:45:32 IST" name="a" finished-at="2025-08-05T14:45:32 IST" duration-ms="8" status="PASS">
          <reporter-output>
          </reporter-output>
        </test-method> <!-- a -->
        <test-method signature="a1()[pri:0, instance:testng.testpractice@6e6f2380]" started-at="2025-08-05T14:45:32 IST" name="a1" finished-at="2025-08-05T14:45:32 IST" duration-ms="1" status="PASS">
          <reporter-output>
          </reporter-output>
        </test-method> <!-- a1 -->
        <test-method signature="A()[pri:1, instance:testng.testpractice@6e6f2380]" started-at="2025-08-05T14:45:32 IST" name="A" finished-at="2025-08-05T14:45:32 IST" duration-ms="2" status="PASS">
          <reporter-output>
          </reporter-output>
        </test-method> <!-- A -->
      </class> <!-- testng.testpractice -->
    </test> <!-- Default test -->
  </suite> <!-- Default suite -->
</testng-results>
