<?xml version="1.0" encoding="UTF-8"?>
<!-- Generated by org.testng.reporters.JUnitXMLReporter -->
<testsuite ignored="3" hostname="LAPTOP-0T68D1TP" failures="0" tests="1" name="Test" time="0.078" errors="0" timestamp="2025-08-06T15:11:00 IST">
  <testcase classname="Testng.Test2" name="testc" time="0.009"/>
  <testcase classname="Testng.Test2" name="testb" time="0.0">
    <ignored/>
  </testcase> <!-- testb -->
  <testcase classname="Testng.test1" name="a" time="0.0">
    <ignored/>
  </testcase> <!-- a -->
  <testcase classname="Testng.Test2" name="testd" time="0.0">
    <ignored/>
  </testcase> <!-- testd -->
</testsuite> <!-- Test -->
